<?xml version="1.0" encoding="UTF-8" standalone="no"?>
<testsuite errors="0" failures="1" name="io.cucumber.core.plugin.JUnitFormatter" skipped="0" tests="3" time="20.815">
    <testcase classname="Testing some features of the website called Bejamas" name="The featured product" time="9.366">
        <system-out>
            <![CDATA[Given navigate to the website...............................................passed
And verify photo of the day.................................................passed
]]>
        </system-out>
    </testcase>
    <testcase classname="Testing some features of the website called Bejamas" name="checking the number of items" time="5.121">
        <failure message="expected:&lt;6&gt; but was:&lt;4&gt;" type="java.lang.AssertionError">
            <![CDATA[Given navigate to the website...............................................passed
Then verify the product list contains six items.............................failed

StackTrace:
java.lang.AssertionError: expected:<6> but was:<4>
	at org.junit.Assert.fail(Assert.java:89)
	at org.junit.Assert.failNotEquals(Assert.java:835)
	at org.junit.Assert.assertEquals(Assert.java:647)
	at org.junit.Assert.assertEquals(Assert.java:633)
	at pages.ReuseableAbstractClass.assertion(ReuseableAbstractClass.java:47)
	at stepdefinitions.Steps.verifyTheProductListContainsSixItems(Steps.java:26)
	at âœ½.verify the product list contains six items(file:///C:/Asoftware/BejamasTestCase/src/test/resources/features/bejamas.feature:10)
]]>
        </failure>
    </testcase>
    <testcase classname="Testing some features of the website called Bejamas" name="checking whether or not add to cart button appears during hovering over the image" time="5.934">
        <system-out>
            <![CDATA[Given navigate to the website...............................................passed
And add to cart button should come out after hovering over..................passed
]]>
        </system-out>
    </testcase>
</testsuite>
